<?xml version="1.0" encoding="UTF-8"?>
<testsuite name="com.x4dmedical.AuditorTest" tests="1" skipped="0" failures="0" errors="0" timestamp="2023-01-11T10:24:05" hostname="WS-25DT" time="0.194">
  <properties/>
  <testcase name="testAudit()" classname="com.x4dmedical.AuditorTest" time="0.194"/>
  <system-out><![CDATA[]]></system-out>
  <system-err><![CDATA[]]></system-err>
</testsuite>
